<?xml version="1.0" encoding="UTF-8"?>
<!-- Generated by org.testng.reporters.JUnitReportReporter -->
<testsuite hostname="dell" failures="0" tests="3" name="Automationtalks.demoproject.Testclass" time="25.380" errors="0" timestamp="12 Feb 2023 00:01:37 GMT" skipped="0">
  <testcase classname="Automationtalks.demoproject.Testclass" name="Test1" time="8.996"/>
  <testcase classname="Automationtalks.demoproject.Testclass" name="Test2" time="8.600"/>
  <testcase classname="Automationtalks.demoproject.Testclass" name="Test3" time="7.784"/>
</testsuite> <!-- Automationtalks.demoproject.Testclass -->
